mode: atomic
github.com/Meesho/rv-iop/internal/api/handler/rv-interaction/rv_interaction_widget.go:35.82,36.24 1 3
github.com/Meesho/rv-iop/internal/api/handler/rv-interaction/rv_interaction_widget.go:36.24,38.3 1 1
github.com/Meesho/rv-iop/internal/api/handler/rv-interaction/rv_interaction_widget.go:39.2,39.29 1 2
github.com/Meesho/rv-iop/internal/api/handler/rv-interaction/rv_interaction_widget.go:39.29,41.3 1 1
github.com/Meesho/rv-iop/internal/api/handler/rv-interaction/rv_interaction_widget.go:42.2,45.3 1 1
github.com/Meesho/rv-iop/internal/api/handler/rv-interaction/rv_interaction_widget.go:49.85,59.16 3 0
github.com/Meesho/rv-iop/internal/api/handler/rv-interaction/rv_interaction_widget.go:59.16,61.3 1 0
github.com/Meesho/rv-iop/internal/api/handler/rv-interaction/rv_interaction_widget.go:63.2,75.16 4 0
github.com/Meesho/rv-iop/internal/api/handler/rv-interaction/rv_interaction_widget.go:75.16,79.3 3 0
github.com/Meesho/rv-iop/internal/api/handler/rv-interaction/rv_interaction_widget.go:80.2,80.63 1 0
github.com/Meesho/rv-iop/internal/api/handler/rv-interaction/rv_interaction_widget.go:80.63,84.3 3 0
github.com/Meesho/rv-iop/internal/api/handler/rv-interaction/rv_interaction_widget.go:85.2,85.66 1 0
github.com/Meesho/rv-iop/internal/api/handler/rv-interaction/rv_interaction_widget.go:85.66,90.3 3 0
github.com/Meesho/rv-iop/internal/api/handler/rv-interaction/rv_interaction_widget.go:91.2,91.72 1 0
github.com/Meesho/rv-iop/internal/api/handler/rv-interaction/rv_interaction_widget.go:91.72,96.3 3 0
github.com/Meesho/rv-iop/internal/api/handler/rv-interaction/rv_interaction_widget.go:98.2,102.19 4 0
github.com/Meesho/rv-iop/internal/api/handler/rv-interaction/rv_interaction_widget.go:102.19,104.3 1 0
github.com/Meesho/rv-iop/internal/api/handler/rv-interaction/rv_interaction_widget.go:106.2,118.16 3 0
github.com/Meesho/rv-iop/internal/api/handler/rv-interaction/rv_interaction_widget.go:118.16,122.3 3 0
github.com/Meesho/rv-iop/internal/api/handler/rv-interaction/rv_interaction_widget.go:123.2,125.111 2 0
github.com/Meesho/rv-iop/internal/api/handler/rv-interaction/rv_interaction_widget.go:129.55,132.2 2 0
github.com/Meesho/rv-iop/internal/api/handler/rv-interaction/rv_interaction_widget.go:135.95,137.35 2 0
github.com/Meesho/rv-iop/internal/api/handler/rv-interaction/rv_interaction_widget.go:137.35,139.3 1 0
github.com/Meesho/rv-iop/internal/api/handler/rv-interaction/rv_interaction_widget.go:140.2,144.74 3 0
github.com/Meesho/rv-iop/internal/api/handler/rv-interaction/rv_interaction_widget.go:144.74,146.3 1 0
github.com/Meesho/rv-iop/internal/api/handler/rv-interaction/rv_interaction_widget.go:149.2,149.94 1 0
github.com/Meesho/rv-iop/internal/api/handler/rv-interaction/rv_interaction_widget.go:149.94,151.3 1 0
github.com/Meesho/rv-iop/internal/api/handler/rv-interaction/rv_interaction_widget.go:154.2,154.30 1 0
github.com/Meesho/rv-iop/internal/api/handler/rv-interaction/rv_interaction_widget.go:154.30,155.45 1 0
github.com/Meesho/rv-iop/internal/api/handler/rv-interaction/rv_interaction_widget.go:155.45,157.4 1 0
github.com/Meesho/rv-iop/internal/api/handler/rv-interaction/rv_interaction_widget.go:161.2,162.16 2 0
github.com/Meesho/rv-iop/internal/api/handler/rv-interaction/rv_interaction_widget.go:162.16,164.3 1 0
github.com/Meesho/rv-iop/internal/api/handler/rv-interaction/rv_interaction_widget.go:167.2,183.8 2 0
github.com/Meesho/rv-iop/internal/api/handler/rv-interaction/rv_interaction_widget.go:188.71,192.16 2 0
github.com/Meesho/rv-iop/internal/api/handler/rv-interaction/rv_interaction_widget.go:192.16,196.3 3 0
github.com/Meesho/rv-iop/internal/api/handler/rv-interaction/rv_interaction_widget.go:197.2,202.48 4 0
github.com/Meesho/rv-iop/internal/api/handler/rv-interaction/rv_interaction_widget.go:202.48,205.62 2 0
github.com/Meesho/rv-iop/internal/api/handler/rv-interaction/rv_interaction_widget.go:205.62,206.27 1 0
github.com/Meesho/rv-iop/internal/api/handler/rv-interaction/rv_interaction_widget.go:207.16,208.47 1 0
github.com/Meesho/rv-iop/internal/api/handler/rv-interaction/rv_interaction_widget.go:208.47,210.6 1 0
github.com/Meesho/rv-iop/internal/api/handler/rv-interaction/rv_interaction_widget.go:211.13,212.18 1 0
github.com/Meesho/rv-iop/internal/api/handler/rv-interaction/rv_interaction_widget.go:213.15,214.23 1 0
github.com/Meesho/rv-iop/internal/api/handler/rv-interaction/rv_interaction_widget.go:215.15,216.23 1 0
github.com/Meesho/rv-iop/internal/api/handler/rv-interaction/rv_interaction_widget.go:221.3,221.21 1 0
github.com/Meesho/rv-iop/internal/api/handler/rv-interaction/rv_interaction_widget.go:221.21,222.75 1 0
github.com/Meesho/rv-iop/internal/api/handler/rv-interaction/rv_interaction_widget.go:222.75,223.49 1 0
github.com/Meesho/rv-iop/internal/api/handler/rv-interaction/rv_interaction_widget.go:223.49,225.6 1 0
github.com/Meesho/rv-iop/internal/api/handler/rv-interaction/rv_interaction_widget.go:230.3,231.17 2 0
github.com/Meesho/rv-iop/internal/api/handler/rv-interaction/rv_interaction_widget.go:231.17,235.4 3 0
github.com/Meesho/rv-iop/internal/api/handler/rv-interaction/rv_interaction_widget.go:238.3,239.10 2 0
github.com/Meesho/rv-iop/internal/api/handler/rv-interaction/rv_interaction_widget.go:239.10,242.4 2 0
github.com/Meesho/rv-iop/internal/api/handler/rv-interaction/rv_interaction_widget.go:243.3,255.42 3 0
github.com/Meesho/rv-iop/internal/api/handler/rv-interaction/rv_interaction_widget.go:259.2,260.66 2 0
github.com/Meesho/rv-iop/internal/api/handler/rv-interaction/rv_interaction_widget.go:260.66,262.3 1 0
github.com/Meesho/rv-iop/internal/api/handler/rv-interaction/rv_interaction_widget.go:265.2,275.24 5 0
github.com/Meesho/rv-iop/internal/api/handler/rv-interaction/rv_interaction_widget.go:275.24,277.3 1 0
github.com/Meesho/rv-iop/internal/api/handler/rv-interaction/rv_interaction_widget.go:280.2,284.26 3 0
github.com/Meesho/rv-iop/internal/api/handler/rv-interaction/rv_interaction_widget.go:284.26,286.3 1 0
github.com/Meesho/rv-iop/internal/api/handler/rv-interaction/rv_interaction_widget.go:289.2,290.28 2 0
github.com/Meesho/rv-iop/internal/api/handler/rv-interaction/rv_interaction_widget.go:290.28,292.3 1 0
github.com/Meesho/rv-iop/internal/api/handler/rv-interaction/rv_interaction_widget.go:294.2,299.8 1 0
github.com/Meesho/rv-iop/internal/api/handler/rv-interaction/rv_interaction_widget.go:304.68,310.35 3 6
github.com/Meesho/rv-iop/internal/api/handler/rv-interaction/rv_interaction_widget.go:310.35,314.65 3 13
github.com/Meesho/rv-iop/internal/api/handler/rv-interaction/rv_interaction_widget.go:314.65,315.66 1 12
github.com/Meesho/rv-iop/internal/api/handler/rv-interaction/rv_interaction_widget.go:315.66,316.56 1 12
github.com/Meesho/rv-iop/internal/api/handler/rv-interaction/rv_interaction_widget.go:316.56,318.6 1 12
github.com/Meesho/rv-iop/internal/api/handler/rv-interaction/rv_interaction_widget.go:320.4,320.62 1 12
github.com/Meesho/rv-iop/internal/api/handler/rv-interaction/rv_interaction_widget.go:320.62,322.5 1 12
github.com/Meesho/rv-iop/internal/api/handler/rv-interaction/rv_interaction_widget.go:325.3,325.19 1 13
github.com/Meesho/rv-iop/internal/api/handler/rv-interaction/rv_interaction_widget.go:325.19,326.12 1 2
github.com/Meesho/rv-iop/internal/api/handler/rv-interaction/rv_interaction_widget.go:330.3,330.31 1 11
github.com/Meesho/rv-iop/internal/api/handler/rv-interaction/rv_interaction_widget.go:330.31,339.4 2 7
github.com/Meesho/rv-iop/internal/api/handler/rv-interaction/rv_interaction_widget.go:342.3,342.89 1 11
github.com/Meesho/rv-iop/internal/api/handler/rv-interaction/rv_interaction_widget.go:346.2,347.42 2 6
github.com/Meesho/rv-iop/internal/api/handler/rv-interaction/rv_interaction_widget.go:347.42,350.95 2 7
github.com/Meesho/rv-iop/internal/api/handler/rv-interaction/rv_interaction_widget.go:350.95,352.40 2 3
github.com/Meesho/rv-iop/internal/api/handler/rv-interaction/rv_interaction_widget.go:352.40,354.5 1 1
github.com/Meesho/rv-iop/internal/api/handler/rv-interaction/rv_interaction_widget.go:356.3,356.45 1 7
github.com/Meesho/rv-iop/internal/api/handler/rv-interaction/rv_interaction_widget.go:360.2,360.74 1 6
github.com/Meesho/rv-iop/internal/api/handler/rv-interaction/rv_interaction_widget.go:360.74,362.30 2 2
github.com/Meesho/rv-iop/internal/api/handler/rv-interaction/rv_interaction_widget.go:362.30,364.4 1 1
github.com/Meesho/rv-iop/internal/api/handler/rv-interaction/rv_interaction_widget.go:367.2,367.19 1 6
github.com/Meesho/rv-iop/internal/api/handler/rv-interaction/rv_interactions_feed.go:42.80,43.24 1 3
github.com/Meesho/rv-iop/internal/api/handler/rv-interaction/rv_interactions_feed.go:43.24,45.3 1 1
github.com/Meesho/rv-iop/internal/api/handler/rv-interaction/rv_interactions_feed.go:46.2,46.29 1 2
github.com/Meesho/rv-iop/internal/api/handler/rv-interaction/rv_interactions_feed.go:46.29,48.3 1 1
github.com/Meesho/rv-iop/internal/api/handler/rv-interaction/rv_interactions_feed.go:49.2,52.3 1 1
github.com/Meesho/rv-iop/internal/api/handler/rv-interaction/rv_interactions_feed.go:56.83,66.16 3 0
github.com/Meesho/rv-iop/internal/api/handler/rv-interaction/rv_interactions_feed.go:66.16,68.3 1 0
github.com/Meesho/rv-iop/internal/api/handler/rv-interaction/rv_interactions_feed.go:70.2,82.16 4 0
github.com/Meesho/rv-iop/internal/api/handler/rv-interaction/rv_interactions_feed.go:82.16,86.3 3 0
github.com/Meesho/rv-iop/internal/api/handler/rv-interaction/rv_interactions_feed.go:87.2,87.61 1 0
github.com/Meesho/rv-iop/internal/api/handler/rv-interaction/rv_interactions_feed.go:87.61,91.3 3 0
github.com/Meesho/rv-iop/internal/api/handler/rv-interaction/rv_interactions_feed.go:92.2,92.64 1 0
github.com/Meesho/rv-iop/internal/api/handler/rv-interaction/rv_interactions_feed.go:92.64,97.3 3 0
github.com/Meesho/rv-iop/internal/api/handler/rv-interaction/rv_interactions_feed.go:98.2,98.70 1 0
github.com/Meesho/rv-iop/internal/api/handler/rv-interaction/rv_interactions_feed.go:98.70,103.3 3 0
github.com/Meesho/rv-iop/internal/api/handler/rv-interaction/rv_interactions_feed.go:105.2,109.19 4 0
github.com/Meesho/rv-iop/internal/api/handler/rv-interaction/rv_interactions_feed.go:109.19,111.3 1 0
github.com/Meesho/rv-iop/internal/api/handler/rv-interaction/rv_interactions_feed.go:113.2,125.16 3 0
github.com/Meesho/rv-iop/internal/api/handler/rv-interaction/rv_interactions_feed.go:125.16,129.3 3 0
github.com/Meesho/rv-iop/internal/api/handler/rv-interaction/rv_interactions_feed.go:130.2,132.125 2 0
github.com/Meesho/rv-iop/internal/api/handler/rv-interaction/rv_interactions_feed.go:136.55,139.2 2 0
github.com/Meesho/rv-iop/internal/api/handler/rv-interaction/rv_interactions_feed.go:142.81,144.35 2 0
github.com/Meesho/rv-iop/internal/api/handler/rv-interaction/rv_interactions_feed.go:144.35,146.3 1 0
github.com/Meesho/rv-iop/internal/api/handler/rv-interaction/rv_interactions_feed.go:147.2,151.30 3 0
github.com/Meesho/rv-iop/internal/api/handler/rv-interaction/rv_interactions_feed.go:151.30,152.45 1 0
github.com/Meesho/rv-iop/internal/api/handler/rv-interaction/rv_interactions_feed.go:152.45,154.4 1 0
github.com/Meesho/rv-iop/internal/api/handler/rv-interaction/rv_interactions_feed.go:158.2,159.16 2 0
github.com/Meesho/rv-iop/internal/api/handler/rv-interaction/rv_interactions_feed.go:159.16,161.3 1 0
github.com/Meesho/rv-iop/internal/api/handler/rv-interaction/rv_interactions_feed.go:163.2,179.8 2 0
github.com/Meesho/rv-iop/internal/api/handler/rv-interaction/rv_interactions_feed.go:184.69,187.16 2 0
github.com/Meesho/rv-iop/internal/api/handler/rv-interaction/rv_interactions_feed.go:187.16,191.3 3 0
github.com/Meesho/rv-iop/internal/api/handler/rv-interaction/rv_interactions_feed.go:192.2,196.48 4 0
github.com/Meesho/rv-iop/internal/api/handler/rv-interaction/rv_interactions_feed.go:196.48,198.21 2 0
github.com/Meesho/rv-iop/internal/api/handler/rv-interaction/rv_interactions_feed.go:198.21,199.12 1 0
github.com/Meesho/rv-iop/internal/api/handler/rv-interaction/rv_interactions_feed.go:201.3,202.17 2 0
github.com/Meesho/rv-iop/internal/api/handler/rv-interaction/rv_interactions_feed.go:202.17,206.4 3 0
github.com/Meesho/rv-iop/internal/api/handler/rv-interaction/rv_interactions_feed.go:207.3,216.5 2 0
github.com/Meesho/rv-iop/internal/api/handler/rv-interaction/rv_interactions_feed.go:219.2,219.66 1 0
github.com/Meesho/rv-iop/internal/api/handler/rv-interaction/rv_interactions_feed.go:219.66,221.3 1 0
github.com/Meesho/rv-iop/internal/api/handler/rv-interaction/rv_interactions_feed.go:223.2,224.24 2 0
github.com/Meesho/rv-iop/internal/api/handler/rv-interaction/rv_interactions_feed.go:224.24,226.3 1 0
github.com/Meesho/rv-iop/internal/api/handler/rv-interaction/rv_interactions_feed.go:228.2,229.26 2 0
github.com/Meesho/rv-iop/internal/api/handler/rv-interaction/rv_interactions_feed.go:229.26,231.3 1 0
github.com/Meesho/rv-iop/internal/api/handler/rv-interaction/rv_interactions_feed.go:233.2,237.8 1 0
github.com/Meesho/rv-iop/internal/api/handler/rv-interaction/rv_interactions_feed.go:241.75,242.61 1 0
github.com/Meesho/rv-iop/internal/api/handler/rv-interaction/rv_interactions_feed.go:242.61,243.26 1 0
github.com/Meesho/rv-iop/internal/api/handler/rv-interaction/rv_interactions_feed.go:244.15,245.46 1 0
github.com/Meesho/rv-iop/internal/api/handler/rv-interaction/rv_interactions_feed.go:245.46,247.5 1 0
github.com/Meesho/rv-iop/internal/api/handler/rv-interaction/rv_interactions_feed.go:248.12,249.12 1 0
github.com/Meesho/rv-iop/internal/api/handler/rv-interaction/rv_interactions_feed.go:250.14,251.17 1 0
github.com/Meesho/rv-iop/internal/api/handler/rv-interaction/rv_interactions_feed.go:252.14,253.17 1 0
github.com/Meesho/rv-iop/internal/api/handler/rv-interaction/rv_interactions_feed.go:256.2,256.73 1 0
github.com/Meesho/rv-iop/internal/api/handler/rv-interaction/rv_interactions_feed.go:256.73,257.47 1 0
github.com/Meesho/rv-iop/internal/api/handler/rv-interaction/rv_interactions_feed.go:257.47,259.4 1 0
github.com/Meesho/rv-iop/internal/api/handler/rv-interaction/rv_interactions_feed.go:261.2,261.10 1 0
github.com/Meesho/rv-iop/internal/api/handler/rv-interaction/rv_interactions_feed.go:264.100,268.34 3 0
github.com/Meesho/rv-iop/internal/api/handler/rv-interaction/rv_interactions_feed.go:268.34,269.70 1 0
github.com/Meesho/rv-iop/internal/api/handler/rv-interaction/rv_interactions_feed.go:269.70,271.4 1 0
github.com/Meesho/rv-iop/internal/api/handler/rv-interaction/rv_interactions_feed.go:275.2,276.73 2 0
github.com/Meesho/rv-iop/internal/api/handler/rv-interaction/rv_interactions_feed.go:276.73,278.3 1 0
github.com/Meesho/rv-iop/internal/api/handler/rv-interaction/rv_interactions_feed.go:280.2,280.69 1 0
github.com/Meesho/rv-iop/internal/api/handler/rv-interaction/rv_interactions_feed.go:280.69,282.3 1 0
github.com/Meesho/rv-iop/internal/api/handler/rv-interaction/rv_interactions_feed.go:284.2,284.73 1 0
github.com/Meesho/rv-iop/internal/api/handler/rv-interaction/rv_interactions_feed.go:284.73,286.3 1 0
github.com/Meesho/rv-iop/internal/api/handler/rv-interaction/rv_interactions_feed.go:288.2,293.8 1 0
github.com/Meesho/rv-iop/internal/api/handler/rv-interaction/validator.go:5.95,6.31 1 0
github.com/Meesho/rv-iop/internal/api/handler/rv-interaction/validator.go:6.31,8.3 1 0
github.com/Meesho/rv-iop/internal/api/handler/rv-interaction/validator.go:10.2,10.31 1 0
github.com/Meesho/rv-iop/internal/api/handler/rv-interaction/validator.go:10.31,12.3 1 0
github.com/Meesho/rv-iop/internal/api/handler/rv-interaction/validator.go:14.2,14.29 1 0
github.com/Meesho/rv-iop/internal/api/handler/rv-interaction/validator.go:14.29,16.3 1 0
github.com/Meesho/rv-iop/internal/api/handler/rv-interaction/validator.go:18.2,18.18 1 0
github.com/Meesho/rv-iop/internal/api/handler/rv-interaction/validator.go:21.99,22.31 1 0
github.com/Meesho/rv-iop/internal/api/handler/rv-interaction/validator.go:22.31,24.3 1 0
github.com/Meesho/rv-iop/internal/api/handler/rv-interaction/validator.go:26.2,26.29 1 0
github.com/Meesho/rv-iop/internal/api/handler/rv-interaction/validator.go:26.29,28.3 1 0
github.com/Meesho/rv-iop/internal/api/handler/rv-interaction/validator.go:30.2,30.18 1 0
