mode: atomic
github.com/Meesho/rv-iop/internal/api/handler/validator.go:9.94,10.29 1 4
github.com/Meesho/rv-iop/internal/api/handler/validator.go:10.29,12.3 1 1
github.com/Meesho/rv-iop/internal/api/handler/validator.go:14.2,14.58 1 3
github.com/Meesho/rv-iop/internal/api/handler/validator.go:14.58,16.3 1 1
github.com/Meesho/rv-iop/internal/api/handler/validator.go:17.2,17.40 1 2
github.com/Meesho/rv-iop/internal/api/handler/validator.go:17.40,19.3 1 1
github.com/Meesho/rv-iop/internal/api/handler/validator.go:20.2,20.18 1 1
github.com/Meesho/rv-iop/internal/api/handler/validator.go:23.88,24.29 1 3
github.com/Meesho/rv-iop/internal/api/handler/validator.go:24.29,26.3 1 1
github.com/Meesho/rv-iop/internal/api/handler/validator.go:28.2,28.44 1 2
github.com/Meesho/rv-iop/internal/api/handler/validator.go:28.44,30.3 1 1
github.com/Meesho/rv-iop/internal/api/handler/validator.go:32.2,32.18 1 1
github.com/Meesho/rv-iop/internal/api/handler/validator.go:35.84,36.29 1 4
github.com/Meesho/rv-iop/internal/api/handler/validator.go:36.29,38.3 1 1
github.com/Meesho/rv-iop/internal/api/handler/validator.go:40.2,40.44 1 3
github.com/Meesho/rv-iop/internal/api/handler/validator.go:40.44,42.3 1 1
github.com/Meesho/rv-iop/internal/api/handler/validator.go:44.2,44.40 1 2
github.com/Meesho/rv-iop/internal/api/handler/validator.go:44.40,46.3 1 1
github.com/Meesho/rv-iop/internal/api/handler/validator.go:47.2,47.18 1 1
github.com/Meesho/rv-iop/internal/api/grpc/model.go:31.20,41.2 1 24
github.com/Meesho/rv-iop/internal/api/grpc/service.go:25.54,27.16 2 6
github.com/Meesho/rv-iop/internal/api/grpc/service.go:27.16,29.3 1 1
github.com/Meesho/rv-iop/internal/api/grpc/service.go:30.2,31.16 2 5
github.com/Meesho/rv-iop/internal/api/grpc/service.go:31.16,33.3 1 1
github.com/Meesho/rv-iop/internal/api/grpc/service.go:34.2,40.21 3 3
github.com/Meesho/rv-iop/internal/api/grpc/service.go:40.21,43.3 2 1
github.com/Meesho/rv-iop/internal/api/grpc/service.go:44.2,51.26 3 2
github.com/Meesho/rv-iop/internal/api/grpc/service.go:57.49,59.16 2 4
github.com/Meesho/rv-iop/internal/api/grpc/service.go:59.16,61.3 1 2
github.com/Meesho/rv-iop/internal/api/grpc/service.go:62.2,63.16 2 2
github.com/Meesho/rv-iop/internal/api/grpc/service.go:63.16,65.3 1 0
github.com/Meesho/rv-iop/internal/api/grpc/service.go:66.2,72.21 3 2
github.com/Meesho/rv-iop/internal/api/grpc/service.go:72.21,75.3 2 1
github.com/Meesho/rv-iop/internal/api/grpc/service.go:76.2,83.26 3 1
github.com/Meesho/rv-iop/internal/api/grpc/service.go:89.49,91.16 2 4
github.com/Meesho/rv-iop/internal/api/grpc/service.go:91.16,93.3 1 2
github.com/Meesho/rv-iop/internal/api/grpc/service.go:94.2,95.16 2 2
github.com/Meesho/rv-iop/internal/api/grpc/service.go:95.16,97.3 1 0
github.com/Meesho/rv-iop/internal/api/grpc/service.go:98.2,104.21 3 2
github.com/Meesho/rv-iop/internal/api/grpc/service.go:104.21,107.3 2 1
github.com/Meesho/rv-iop/internal/api/grpc/service.go:108.2,115.26 3 1
github.com/Meesho/rv-iop/internal/api/grpc/service.go:120.104,122.16 2 0
github.com/Meesho/rv-iop/internal/api/grpc/service.go:122.16,124.3 1 0
github.com/Meesho/rv-iop/internal/api/grpc/service.go:126.2,127.16 2 0
github.com/Meesho/rv-iop/internal/api/grpc/service.go:127.16,129.3 1 0
github.com/Meesho/rv-iop/internal/api/grpc/service.go:131.2,138.21 3 0
github.com/Meesho/rv-iop/internal/api/grpc/service.go:138.21,141.3 2 0
github.com/Meesho/rv-iop/internal/api/grpc/service.go:142.2,151.26 3 0
github.com/Meesho/rv-iop/internal/api/grpc/service.go:156.100,158.16 2 0
github.com/Meesho/rv-iop/internal/api/grpc/service.go:158.16,160.3 1 0
github.com/Meesho/rv-iop/internal/api/grpc/service.go:162.2,163.16 2 0
github.com/Meesho/rv-iop/internal/api/grpc/service.go:163.16,165.3 1 0
github.com/Meesho/rv-iop/internal/api/grpc/service.go:167.2,174.21 3 0
github.com/Meesho/rv-iop/internal/api/grpc/service.go:174.21,177.3 2 0
github.com/Meesho/rv-iop/internal/api/grpc/service.go:178.2,187.26 3 0
github.com/Meesho/rv-iop/internal/api/grpc/service.go:190.120,193.34 3 0
github.com/Meesho/rv-iop/internal/api/grpc/service.go:193.34,198.3 1 0
github.com/Meesho/rv-iop/internal/api/grpc/service.go:200.2,202.8 1 0
github.com/Meesho/rv-iop/internal/api/grpc/service.go:205.91,207.16 2 14
github.com/Meesho/rv-iop/internal/api/grpc/service.go:207.16,210.3 2 3
github.com/Meesho/rv-iop/internal/api/grpc/service.go:211.2,219.8 1 9
github.com/Meesho/rv-iop/internal/api/grpc/service.go:223.122,225.16 2 0
github.com/Meesho/rv-iop/internal/api/grpc/service.go:225.16,228.3 2 0
github.com/Meesho/rv-iop/internal/api/grpc/service.go:230.2,230.37 1 0
github.com/Meesho/rv-iop/internal/api/grpc/service.go:230.37,232.3 1 0
github.com/Meesho/rv-iop/internal/api/grpc/service.go:234.2,235.47 2 0
github.com/Meesho/rv-iop/internal/api/grpc/service.go:235.47,237.3 1 0
github.com/Meesho/rv-iop/internal/api/grpc/service.go:239.2,247.8 1 0
github.com/Meesho/rv-iop/internal/api/grpc/service.go:251.124,253.16 2 0
github.com/Meesho/rv-iop/internal/api/grpc/service.go:253.16,256.3 2 0
github.com/Meesho/rv-iop/internal/api/grpc/service.go:258.2,259.47 2 0
github.com/Meesho/rv-iop/internal/api/grpc/service.go:259.47,261.3 1 0
github.com/Meesho/rv-iop/internal/api/grpc/service.go:263.2,271.8 1 0
github.com/Meesho/rv-iop/internal/api/grpc/service.go:274.89,276.54 2 9
github.com/Meesho/rv-iop/internal/api/grpc/service.go:276.54,278.25 2 8
github.com/Meesho/rv-iop/internal/api/grpc/service.go:278.25,280.4 1 8
github.com/Meesho/rv-iop/internal/api/grpc/service.go:281.3,287.5 1 8
github.com/Meesho/rv-iop/internal/api/grpc/service.go:289.2,294.3 1 9
github.com/Meesho/rv-iop/internal/api/grpc/service.go:296.77,297.25 1 10
github.com/Meesho/rv-iop/internal/api/grpc/service.go:297.25,299.3 1 1
github.com/Meesho/rv-iop/internal/api/grpc/service.go:300.2,306.3 1 9
github.com/Meesho/rv-iop/internal/api/grpc/service.go:312.49,314.16 2 0
github.com/Meesho/rv-iop/internal/api/grpc/service.go:314.16,316.3 1 0
github.com/Meesho/rv-iop/internal/api/grpc/service.go:318.2,318.65 1 0
github.com/Meesho/rv-iop/internal/api/grpc/service.go:318.65,320.3 1 0
github.com/Meesho/rv-iop/internal/api/grpc/service.go:322.2,323.16 2 0
github.com/Meesho/rv-iop/internal/api/grpc/service.go:323.16,325.3 1 0
github.com/Meesho/rv-iop/internal/api/grpc/service.go:327.2,334.21 3 0
github.com/Meesho/rv-iop/internal/api/grpc/service.go:334.21,337.3 2 0
github.com/Meesho/rv-iop/internal/api/grpc/service.go:340.2,341.44 2 0
github.com/Meesho/rv-iop/internal/api/grpc/service.go:341.44,349.3 1 0
github.com/Meesho/rv-iop/internal/api/grpc/service.go:351.2,362.26 2 0
github.com/Meesho/rv-iop/internal/api/grpc/service.go:368.51,370.16 2 0
github.com/Meesho/rv-iop/internal/api/grpc/service.go:370.16,372.3 1 0
github.com/Meesho/rv-iop/internal/api/grpc/service.go:374.2,374.65 1 0
github.com/Meesho/rv-iop/internal/api/grpc/service.go:374.65,376.3 1 0
github.com/Meesho/rv-iop/internal/api/grpc/service.go:379.2,380.16 2 0
github.com/Meesho/rv-iop/internal/api/grpc/service.go:380.16,382.3 1 0
github.com/Meesho/rv-iop/internal/api/grpc/service.go:383.2,391.19 3 0
github.com/Meesho/rv-iop/internal/api/grpc/service.go:391.19,393.3 1 0
github.com/Meesho/rv-iop/internal/api/grpc/service.go:396.2,397.37 2 0
github.com/Meesho/rv-iop/internal/api/grpc/service.go:397.37,400.3 2 0
github.com/Meesho/rv-iop/internal/api/grpc/service.go:402.2,409.49 3 0
github.com/Meesho/rv-iop/internal/api/grpc/service.go:409.49,410.49 1 0
github.com/Meesho/rv-iop/internal/api/grpc/service.go:410.49,412.22 2 0
github.com/Meesho/rv-iop/internal/api/grpc/service.go:412.22,414.13 2 0
github.com/Meesho/rv-iop/internal/api/grpc/service.go:416.4,427.6 1 0
github.com/Meesho/rv-iop/internal/api/grpc/service.go:431.2,441.26 2 0
github.com/Meesho/rv-iop/internal/api/grpc/service.go:445.146,456.2 1 0
github.com/Meesho/rv-iop/internal/api/controller/health.go:5.29,7.2 1 1
github.com/Meesho/rv-iop/internal/api/controller/recently_viewed_feed.go:25.200,26.28 1 4
github.com/Meesho/rv-iop/internal/api/controller/recently_viewed_feed.go:26.28,28.3 1 1
github.com/Meesho/rv-iop/internal/api/controller/recently_viewed_feed.go:29.2,29.28 1 3
github.com/Meesho/rv-iop/internal/api/controller/recently_viewed_feed.go:29.28,31.3 1 1
github.com/Meesho/rv-iop/internal/api/controller/recently_viewed_feed.go:32.2,32.23 1 2
github.com/Meesho/rv-iop/internal/api/controller/recently_viewed_feed.go:32.23,34.3 1 1
github.com/Meesho/rv-iop/internal/api/controller/recently_viewed_feed.go:36.2,40.3 1 1
github.com/Meesho/rv-iop/internal/api/controller/recently_viewed_feed.go:45.88,47.51 2 0
github.com/Meesho/rv-iop/internal/api/controller/recently_viewed_feed.go:47.51,51.3 3 0
github.com/Meesho/rv-iop/internal/api/controller/recently_viewed_feed.go:53.2,53.103 1 0
github.com/Meesho/rv-iop/internal/api/controller/recently_viewed_feed.go:53.103,57.3 3 0
github.com/Meesho/rv-iop/internal/api/controller/recently_viewed_feed.go:58.2,59.16 2 0
github.com/Meesho/rv-iop/internal/api/controller/recently_viewed_feed.go:59.16,63.3 3 0
github.com/Meesho/rv-iop/internal/api/controller/recently_viewed_feed.go:64.2,65.21 2 0
github.com/Meesho/rv-iop/internal/api/controller/recently_viewed_feed.go:65.21,68.3 2 0
github.com/Meesho/rv-iop/internal/api/controller/recently_viewed_feed.go:69.2,69.25 1 0
github.com/Meesho/rv-iop/internal/api/controller/recently_viewed_feed.go:74.93,76.51 2 0
github.com/Meesho/rv-iop/internal/api/controller/recently_viewed_feed.go:76.51,80.3 3 0
github.com/Meesho/rv-iop/internal/api/controller/recently_viewed_feed.go:82.2,82.103 1 0
github.com/Meesho/rv-iop/internal/api/controller/recently_viewed_feed.go:82.103,86.3 3 0
github.com/Meesho/rv-iop/internal/api/controller/recently_viewed_feed.go:87.2,88.16 2 0
github.com/Meesho/rv-iop/internal/api/controller/recently_viewed_feed.go:88.16,92.3 3 0
github.com/Meesho/rv-iop/internal/api/controller/recently_viewed_feed.go:93.2,94.21 2 0
github.com/Meesho/rv-iop/internal/api/controller/recently_viewed_feed.go:94.21,97.3 2 0
github.com/Meesho/rv-iop/internal/api/controller/recently_viewed_feed.go:98.2,98.25 1 0
github.com/Meesho/rv-iop/internal/api/controller/recently_viewed_feed.go:101.93,103.51 2 0
github.com/Meesho/rv-iop/internal/api/controller/recently_viewed_feed.go:103.51,107.3 3 0
github.com/Meesho/rv-iop/internal/api/controller/recently_viewed_feed.go:109.2,109.103 1 0
github.com/Meesho/rv-iop/internal/api/controller/recently_viewed_feed.go:109.103,113.3 3 0
github.com/Meesho/rv-iop/internal/api/controller/recently_viewed_feed.go:114.2,115.16 2 0
github.com/Meesho/rv-iop/internal/api/controller/recently_viewed_feed.go:115.16,119.3 3 0
github.com/Meesho/rv-iop/internal/api/controller/recently_viewed_feed.go:120.2,121.21 2 0
github.com/Meesho/rv-iop/internal/api/controller/recently_viewed_feed.go:121.21,124.3 2 0
github.com/Meesho/rv-iop/internal/api/controller/recently_viewed_feed.go:125.2,125.25 1 0
github.com/Meesho/rv-iop/internal/api/controller/rv_interactions.go:22.98,23.38 1 3
github.com/Meesho/rv-iop/internal/api/controller/rv_interactions.go:23.38,25.3 1 1
github.com/Meesho/rv-iop/internal/api/controller/rv_interactions.go:26.2,26.40 1 2
github.com/Meesho/rv-iop/internal/api/controller/rv_interactions.go:26.40,28.3 1 1
github.com/Meesho/rv-iop/internal/api/controller/rv_interactions.go:30.2,33.3 1 1
github.com/Meesho/rv-iop/internal/api/controller/rv_interactions.go:38.84,40.51 2 0
github.com/Meesho/rv-iop/internal/api/controller/rv_interactions.go:40.51,44.3 3 0
github.com/Meesho/rv-iop/internal/api/controller/rv_interactions.go:47.2,47.81 1 0
github.com/Meesho/rv-iop/internal/api/controller/rv_interactions.go:47.81,51.3 3 0
github.com/Meesho/rv-iop/internal/api/controller/rv_interactions.go:53.2,54.16 2 0
github.com/Meesho/rv-iop/internal/api/controller/rv_interactions.go:54.16,58.3 3 0
github.com/Meesho/rv-iop/internal/api/controller/rv_interactions.go:60.2,61.21 2 0
github.com/Meesho/rv-iop/internal/api/controller/rv_interactions.go:61.21,64.3 2 0
github.com/Meesho/rv-iop/internal/api/controller/rv_interactions.go:66.2,66.25 1 0
github.com/Meesho/rv-iop/internal/api/controller/rv_interactions.go:71.86,73.51 2 0
github.com/Meesho/rv-iop/internal/api/controller/rv_interactions.go:73.51,77.3 3 0
github.com/Meesho/rv-iop/internal/api/controller/rv_interactions.go:80.2,80.83 1 0
github.com/Meesho/rv-iop/internal/api/controller/rv_interactions.go:80.83,84.3 3 0
github.com/Meesho/rv-iop/internal/api/controller/rv_interactions.go:86.2,87.16 2 0
github.com/Meesho/rv-iop/internal/api/controller/rv_interactions.go:87.16,91.3 3 0
github.com/Meesho/rv-iop/internal/api/controller/rv_interactions.go:93.2,94.21 2 0
github.com/Meesho/rv-iop/internal/api/controller/rv_interactions.go:94.21,97.3 2 0
github.com/Meesho/rv-iop/internal/api/controller/rv_interactions.go:99.2,99.25 1 0
github.com/Meesho/rv-iop/internal/api/handler/rv-interaction/rv_interaction_widget.go:35.82,36.24 1 3
github.com/Meesho/rv-iop/internal/api/handler/rv-interaction/rv_interaction_widget.go:36.24,38.3 1 1
github.com/Meesho/rv-iop/internal/api/handler/rv-interaction/rv_interaction_widget.go:39.2,39.29 1 2
github.com/Meesho/rv-iop/internal/api/handler/rv-interaction/rv_interaction_widget.go:39.29,41.3 1 1
github.com/Meesho/rv-iop/internal/api/handler/rv-interaction/rv_interaction_widget.go:42.2,45.3 1 1
github.com/Meesho/rv-iop/internal/api/handler/rv-interaction/rv_interaction_widget.go:49.85,59.16 3 0
github.com/Meesho/rv-iop/internal/api/handler/rv-interaction/rv_interaction_widget.go:59.16,61.3 1 0
github.com/Meesho/rv-iop/internal/api/handler/rv-interaction/rv_interaction_widget.go:63.2,75.16 4 0
github.com/Meesho/rv-iop/internal/api/handler/rv-interaction/rv_interaction_widget.go:75.16,79.3 3 0
github.com/Meesho/rv-iop/internal/api/handler/rv-interaction/rv_interaction_widget.go:80.2,80.63 1 0
github.com/Meesho/rv-iop/internal/api/handler/rv-interaction/rv_interaction_widget.go:80.63,84.3 3 0
github.com/Meesho/rv-iop/internal/api/handler/rv-interaction/rv_interaction_widget.go:85.2,85.66 1 0
github.com/Meesho/rv-iop/internal/api/handler/rv-interaction/rv_interaction_widget.go:85.66,90.3 3 0
github.com/Meesho/rv-iop/internal/api/handler/rv-interaction/rv_interaction_widget.go:91.2,91.72 1 0
github.com/Meesho/rv-iop/internal/api/handler/rv-interaction/rv_interaction_widget.go:91.72,96.3 3 0
github.com/Meesho/rv-iop/internal/api/handler/rv-interaction/rv_interaction_widget.go:98.2,102.19 4 0
github.com/Meesho/rv-iop/internal/api/handler/rv-interaction/rv_interaction_widget.go:102.19,104.3 1 0
github.com/Meesho/rv-iop/internal/api/handler/rv-interaction/rv_interaction_widget.go:106.2,118.16 3 0
github.com/Meesho/rv-iop/internal/api/handler/rv-interaction/rv_interaction_widget.go:118.16,122.3 3 0
github.com/Meesho/rv-iop/internal/api/handler/rv-interaction/rv_interaction_widget.go:123.2,125.111 2 0
github.com/Meesho/rv-iop/internal/api/handler/rv-interaction/rv_interaction_widget.go:129.55,132.2 2 0
github.com/Meesho/rv-iop/internal/api/handler/rv-interaction/rv_interaction_widget.go:135.95,137.35 2 0
github.com/Meesho/rv-iop/internal/api/handler/rv-interaction/rv_interaction_widget.go:137.35,139.3 1 0
github.com/Meesho/rv-iop/internal/api/handler/rv-interaction/rv_interaction_widget.go:140.2,144.74 3 0
github.com/Meesho/rv-iop/internal/api/handler/rv-interaction/rv_interaction_widget.go:144.74,146.3 1 0
github.com/Meesho/rv-iop/internal/api/handler/rv-interaction/rv_interaction_widget.go:149.2,149.94 1 0
github.com/Meesho/rv-iop/internal/api/handler/rv-interaction/rv_interaction_widget.go:149.94,151.3 1 0
github.com/Meesho/rv-iop/internal/api/handler/rv-interaction/rv_interaction_widget.go:154.2,154.30 1 0
github.com/Meesho/rv-iop/internal/api/handler/rv-interaction/rv_interaction_widget.go:154.30,155.45 1 0
github.com/Meesho/rv-iop/internal/api/handler/rv-interaction/rv_interaction_widget.go:155.45,157.4 1 0
github.com/Meesho/rv-iop/internal/api/handler/rv-interaction/rv_interaction_widget.go:161.2,162.16 2 0
github.com/Meesho/rv-iop/internal/api/handler/rv-interaction/rv_interaction_widget.go:162.16,164.3 1 0
github.com/Meesho/rv-iop/internal/api/handler/rv-interaction/rv_interaction_widget.go:167.2,183.8 2 0
github.com/Meesho/rv-iop/internal/api/handler/rv-interaction/rv_interaction_widget.go:188.71,192.16 2 0
github.com/Meesho/rv-iop/internal/api/handler/rv-interaction/rv_interaction_widget.go:192.16,196.3 3 0
github.com/Meesho/rv-iop/internal/api/handler/rv-interaction/rv_interaction_widget.go:197.2,202.48 4 0
github.com/Meesho/rv-iop/internal/api/handler/rv-interaction/rv_interaction_widget.go:202.48,205.62 2 0
github.com/Meesho/rv-iop/internal/api/handler/rv-interaction/rv_interaction_widget.go:205.62,206.27 1 0
github.com/Meesho/rv-iop/internal/api/handler/rv-interaction/rv_interaction_widget.go:207.16,208.47 1 0
github.com/Meesho/rv-iop/internal/api/handler/rv-interaction/rv_interaction_widget.go:208.47,210.6 1 0
github.com/Meesho/rv-iop/internal/api/handler/rv-interaction/rv_interaction_widget.go:211.13,212.18 1 0
github.com/Meesho/rv-iop/internal/api/handler/rv-interaction/rv_interaction_widget.go:213.15,214.23 1 0
github.com/Meesho/rv-iop/internal/api/handler/rv-interaction/rv_interaction_widget.go:215.15,216.23 1 0
github.com/Meesho/rv-iop/internal/api/handler/rv-interaction/rv_interaction_widget.go:221.3,221.21 1 0
github.com/Meesho/rv-iop/internal/api/handler/rv-interaction/rv_interaction_widget.go:221.21,222.75 1 0
github.com/Meesho/rv-iop/internal/api/handler/rv-interaction/rv_interaction_widget.go:222.75,223.49 1 0
github.com/Meesho/rv-iop/internal/api/handler/rv-interaction/rv_interaction_widget.go:223.49,225.6 1 0
github.com/Meesho/rv-iop/internal/api/handler/rv-interaction/rv_interaction_widget.go:230.3,231.17 2 0
github.com/Meesho/rv-iop/internal/api/handler/rv-interaction/rv_interaction_widget.go:231.17,235.4 3 0
github.com/Meesho/rv-iop/internal/api/handler/rv-interaction/rv_interaction_widget.go:238.3,239.10 2 0
github.com/Meesho/rv-iop/internal/api/handler/rv-interaction/rv_interaction_widget.go:239.10,242.4 2 0
github.com/Meesho/rv-iop/internal/api/handler/rv-interaction/rv_interaction_widget.go:243.3,255.42 3 0
github.com/Meesho/rv-iop/internal/api/handler/rv-interaction/rv_interaction_widget.go:259.2,260.66 2 0
github.com/Meesho/rv-iop/internal/api/handler/rv-interaction/rv_interaction_widget.go:260.66,262.3 1 0
github.com/Meesho/rv-iop/internal/api/handler/rv-interaction/rv_interaction_widget.go:265.2,275.24 5 0
github.com/Meesho/rv-iop/internal/api/handler/rv-interaction/rv_interaction_widget.go:275.24,277.3 1 0
github.com/Meesho/rv-iop/internal/api/handler/rv-interaction/rv_interaction_widget.go:280.2,284.26 3 0
github.com/Meesho/rv-iop/internal/api/handler/rv-interaction/rv_interaction_widget.go:284.26,286.3 1 0
github.com/Meesho/rv-iop/internal/api/handler/rv-interaction/rv_interaction_widget.go:289.2,290.28 2 0
github.com/Meesho/rv-iop/internal/api/handler/rv-interaction/rv_interaction_widget.go:290.28,292.3 1 0
github.com/Meesho/rv-iop/internal/api/handler/rv-interaction/rv_interaction_widget.go:294.2,299.8 1 0
github.com/Meesho/rv-iop/internal/api/handler/rv-interaction/rv_interaction_widget.go:304.68,310.35 3 6
github.com/Meesho/rv-iop/internal/api/handler/rv-interaction/rv_interaction_widget.go:310.35,314.65 3 13
github.com/Meesho/rv-iop/internal/api/handler/rv-interaction/rv_interaction_widget.go:314.65,315.66 1 12
github.com/Meesho/rv-iop/internal/api/handler/rv-interaction/rv_interaction_widget.go:315.66,316.56 1 12
github.com/Meesho/rv-iop/internal/api/handler/rv-interaction/rv_interaction_widget.go:316.56,318.6 1 12
github.com/Meesho/rv-iop/internal/api/handler/rv-interaction/rv_interaction_widget.go:320.4,320.62 1 12
github.com/Meesho/rv-iop/internal/api/handler/rv-interaction/rv_interaction_widget.go:320.62,322.5 1 12
github.com/Meesho/rv-iop/internal/api/handler/rv-interaction/rv_interaction_widget.go:325.3,325.19 1 13
github.com/Meesho/rv-iop/internal/api/handler/rv-interaction/rv_interaction_widget.go:325.19,326.12 1 2
github.com/Meesho/rv-iop/internal/api/handler/rv-interaction/rv_interaction_widget.go:330.3,330.31 1 11
github.com/Meesho/rv-iop/internal/api/handler/rv-interaction/rv_interaction_widget.go:330.31,339.4 2 7
github.com/Meesho/rv-iop/internal/api/handler/rv-interaction/rv_interaction_widget.go:342.3,342.89 1 11
github.com/Meesho/rv-iop/internal/api/handler/rv-interaction/rv_interaction_widget.go:346.2,347.42 2 6
github.com/Meesho/rv-iop/internal/api/handler/rv-interaction/rv_interaction_widget.go:347.42,350.95 2 7
github.com/Meesho/rv-iop/internal/api/handler/rv-interaction/rv_interaction_widget.go:350.95,352.40 2 3
github.com/Meesho/rv-iop/internal/api/handler/rv-interaction/rv_interaction_widget.go:352.40,354.5 1 1
github.com/Meesho/rv-iop/internal/api/handler/rv-interaction/rv_interaction_widget.go:356.3,356.45 1 7
github.com/Meesho/rv-iop/internal/api/handler/rv-interaction/rv_interaction_widget.go:360.2,360.74 1 6
github.com/Meesho/rv-iop/internal/api/handler/rv-interaction/rv_interaction_widget.go:360.74,362.30 2 2
github.com/Meesho/rv-iop/internal/api/handler/rv-interaction/rv_interaction_widget.go:362.30,364.4 1 1
github.com/Meesho/rv-iop/internal/api/handler/rv-interaction/rv_interaction_widget.go:367.2,367.19 1 6
github.com/Meesho/rv-iop/internal/api/handler/rv-interaction/rv_interactions_feed.go:42.80,43.24 1 3
github.com/Meesho/rv-iop/internal/api/handler/rv-interaction/rv_interactions_feed.go:43.24,45.3 1 1
github.com/Meesho/rv-iop/internal/api/handler/rv-interaction/rv_interactions_feed.go:46.2,46.29 1 2
github.com/Meesho/rv-iop/internal/api/handler/rv-interaction/rv_interactions_feed.go:46.29,48.3 1 1
github.com/Meesho/rv-iop/internal/api/handler/rv-interaction/rv_interactions_feed.go:49.2,52.3 1 1
github.com/Meesho/rv-iop/internal/api/handler/rv-interaction/rv_interactions_feed.go:56.83,66.16 3 0
github.com/Meesho/rv-iop/internal/api/handler/rv-interaction/rv_interactions_feed.go:66.16,68.3 1 0
github.com/Meesho/rv-iop/internal/api/handler/rv-interaction/rv_interactions_feed.go:70.2,82.16 4 0
github.com/Meesho/rv-iop/internal/api/handler/rv-interaction/rv_interactions_feed.go:82.16,86.3 3 0
github.com/Meesho/rv-iop/internal/api/handler/rv-interaction/rv_interactions_feed.go:87.2,87.61 1 0
github.com/Meesho/rv-iop/internal/api/handler/rv-interaction/rv_interactions_feed.go:87.61,91.3 3 0
github.com/Meesho/rv-iop/internal/api/handler/rv-interaction/rv_interactions_feed.go:92.2,92.64 1 0
github.com/Meesho/rv-iop/internal/api/handler/rv-interaction/rv_interactions_feed.go:92.64,97.3 3 0
github.com/Meesho/rv-iop/internal/api/handler/rv-interaction/rv_interactions_feed.go:98.2,98.70 1 0
github.com/Meesho/rv-iop/internal/api/handler/rv-interaction/rv_interactions_feed.go:98.70,103.3 3 0
github.com/Meesho/rv-iop/internal/api/handler/rv-interaction/rv_interactions_feed.go:105.2,109.19 4 0
github.com/Meesho/rv-iop/internal/api/handler/rv-interaction/rv_interactions_feed.go:109.19,111.3 1 0
github.com/Meesho/rv-iop/internal/api/handler/rv-interaction/rv_interactions_feed.go:113.2,125.16 3 0
github.com/Meesho/rv-iop/internal/api/handler/rv-interaction/rv_interactions_feed.go:125.16,129.3 3 0
github.com/Meesho/rv-iop/internal/api/handler/rv-interaction/rv_interactions_feed.go:130.2,132.125 2 0
github.com/Meesho/rv-iop/internal/api/handler/rv-interaction/rv_interactions_feed.go:136.55,139.2 2 0
github.com/Meesho/rv-iop/internal/api/handler/rv-interaction/rv_interactions_feed.go:142.81,144.35 2 0
github.com/Meesho/rv-iop/internal/api/handler/rv-interaction/rv_interactions_feed.go:144.35,146.3 1 0
github.com/Meesho/rv-iop/internal/api/handler/rv-interaction/rv_interactions_feed.go:147.2,151.30 3 0
github.com/Meesho/rv-iop/internal/api/handler/rv-interaction/rv_interactions_feed.go:151.30,152.45 1 0
github.com/Meesho/rv-iop/internal/api/handler/rv-interaction/rv_interactions_feed.go:152.45,154.4 1 0
github.com/Meesho/rv-iop/internal/api/handler/rv-interaction/rv_interactions_feed.go:158.2,159.16 2 0
github.com/Meesho/rv-iop/internal/api/handler/rv-interaction/rv_interactions_feed.go:159.16,161.3 1 0
github.com/Meesho/rv-iop/internal/api/handler/rv-interaction/rv_interactions_feed.go:163.2,179.8 2 0
github.com/Meesho/rv-iop/internal/api/handler/rv-interaction/rv_interactions_feed.go:184.69,187.16 2 0
github.com/Meesho/rv-iop/internal/api/handler/rv-interaction/rv_interactions_feed.go:187.16,191.3 3 0
github.com/Meesho/rv-iop/internal/api/handler/rv-interaction/rv_interactions_feed.go:192.2,196.48 4 0
github.com/Meesho/rv-iop/internal/api/handler/rv-interaction/rv_interactions_feed.go:196.48,198.21 2 0
github.com/Meesho/rv-iop/internal/api/handler/rv-interaction/rv_interactions_feed.go:198.21,199.12 1 0
github.com/Meesho/rv-iop/internal/api/handler/rv-interaction/rv_interactions_feed.go:201.3,202.17 2 0
github.com/Meesho/rv-iop/internal/api/handler/rv-interaction/rv_interactions_feed.go:202.17,206.4 3 0
github.com/Meesho/rv-iop/internal/api/handler/rv-interaction/rv_interactions_feed.go:207.3,216.5 2 0
github.com/Meesho/rv-iop/internal/api/handler/rv-interaction/rv_interactions_feed.go:219.2,219.66 1 0
github.com/Meesho/rv-iop/internal/api/handler/rv-interaction/rv_interactions_feed.go:219.66,221.3 1 0
github.com/Meesho/rv-iop/internal/api/handler/rv-interaction/rv_interactions_feed.go:223.2,224.24 2 0
github.com/Meesho/rv-iop/internal/api/handler/rv-interaction/rv_interactions_feed.go:224.24,226.3 1 0
github.com/Meesho/rv-iop/internal/api/handler/rv-interaction/rv_interactions_feed.go:228.2,229.26 2 0
github.com/Meesho/rv-iop/internal/api/handler/rv-interaction/rv_interactions_feed.go:229.26,231.3 1 0
github.com/Meesho/rv-iop/internal/api/handler/rv-interaction/rv_interactions_feed.go:233.2,237.8 1 0
github.com/Meesho/rv-iop/internal/api/handler/rv-interaction/rv_interactions_feed.go:241.75,242.61 1 0
github.com/Meesho/rv-iop/internal/api/handler/rv-interaction/rv_interactions_feed.go:242.61,243.26 1 0
github.com/Meesho/rv-iop/internal/api/handler/rv-interaction/rv_interactions_feed.go:244.15,245.46 1 0
github.com/Meesho/rv-iop/internal/api/handler/rv-interaction/rv_interactions_feed.go:245.46,247.5 1 0
github.com/Meesho/rv-iop/internal/api/handler/rv-interaction/rv_interactions_feed.go:248.12,249.12 1 0
github.com/Meesho/rv-iop/internal/api/handler/rv-interaction/rv_interactions_feed.go:250.14,251.17 1 0
github.com/Meesho/rv-iop/internal/api/handler/rv-interaction/rv_interactions_feed.go:252.14,253.17 1 0
github.com/Meesho/rv-iop/internal/api/handler/rv-interaction/rv_interactions_feed.go:256.2,256.73 1 0
github.com/Meesho/rv-iop/internal/api/handler/rv-interaction/rv_interactions_feed.go:256.73,257.47 1 0
github.com/Meesho/rv-iop/internal/api/handler/rv-interaction/rv_interactions_feed.go:257.47,259.4 1 0
github.com/Meesho/rv-iop/internal/api/handler/rv-interaction/rv_interactions_feed.go:261.2,261.10 1 0
github.com/Meesho/rv-iop/internal/api/handler/rv-interaction/rv_interactions_feed.go:264.100,268.34 3 0
github.com/Meesho/rv-iop/internal/api/handler/rv-interaction/rv_interactions_feed.go:268.34,269.70 1 0
github.com/Meesho/rv-iop/internal/api/handler/rv-interaction/rv_interactions_feed.go:269.70,271.4 1 0
github.com/Meesho/rv-iop/internal/api/handler/rv-interaction/rv_interactions_feed.go:275.2,276.73 2 0
github.com/Meesho/rv-iop/internal/api/handler/rv-interaction/rv_interactions_feed.go:276.73,278.3 1 0
github.com/Meesho/rv-iop/internal/api/handler/rv-interaction/rv_interactions_feed.go:280.2,280.69 1 0
github.com/Meesho/rv-iop/internal/api/handler/rv-interaction/rv_interactions_feed.go:280.69,282.3 1 0
github.com/Meesho/rv-iop/internal/api/handler/rv-interaction/rv_interactions_feed.go:284.2,284.73 1 0
github.com/Meesho/rv-iop/internal/api/handler/rv-interaction/rv_interactions_feed.go:284.73,286.3 1 0
github.com/Meesho/rv-iop/internal/api/handler/rv-interaction/rv_interactions_feed.go:288.2,293.8 1 0
github.com/Meesho/rv-iop/internal/api/handler/rv-interaction/validator.go:5.95,6.31 1 0
github.com/Meesho/rv-iop/internal/api/handler/rv-interaction/validator.go:6.31,8.3 1 0
github.com/Meesho/rv-iop/internal/api/handler/rv-interaction/validator.go:10.2,10.31 1 0
github.com/Meesho/rv-iop/internal/api/handler/rv-interaction/validator.go:10.31,12.3 1 0
github.com/Meesho/rv-iop/internal/api/handler/rv-interaction/validator.go:14.2,14.29 1 0
github.com/Meesho/rv-iop/internal/api/handler/rv-interaction/validator.go:14.29,16.3 1 0
github.com/Meesho/rv-iop/internal/api/handler/rv-interaction/validator.go:18.2,18.18 1 0
github.com/Meesho/rv-iop/internal/api/handler/rv-interaction/validator.go:21.99,22.31 1 0
github.com/Meesho/rv-iop/internal/api/handler/rv-interaction/validator.go:22.31,24.3 1 0
github.com/Meesho/rv-iop/internal/api/handler/rv-interaction/validator.go:26.2,26.29 1 0
github.com/Meesho/rv-iop/internal/api/handler/rv-interaction/validator.go:26.29,28.3 1 0
github.com/Meesho/rv-iop/internal/api/handler/rv-interaction/validator.go:30.2,30.18 1 0
github.com/Meesho/rv-iop/internal/config/appConfig.go:8.51,10.2 1 1
github.com/Meesho/rv-iop/internal/config/appConfig.go:12.52,14.2 1 1
github.com/Meesho/rv-iop/internal/api/router/router.go:11.42,12.17 1 1
github.com/Meesho/rv-iop/internal/api/router/router.go:12.17,14.3 1 1
github.com/Meesho/rv-iop/internal/api/router/router.go:16.2,17.2 2 0
github.com/Meesho/rv-iop/internal/api/router/router.go:17.2,20.3 3 0
github.com/Meesho/rv-iop/internal/api/router/router.go:20.3,22.4 2 0
github.com/Meesho/rv-iop/internal/api/router/router.go:22.4,26.5 3 0
github.com/Meesho/rv-iop/internal/api/router/router.go:29.3,29.37 1 0
github.com/Meesho/rv-iop/internal/api/router/router.go:29.37,31.4 2 0
github.com/Meesho/rv-iop/internal/api/router/router.go:31.4,34.5 2 0
github.com/Meesho/rv-iop/internal/api/router/router.go:38.2,38.60 1 0
github.com/Meesho/rv-iop/internal/dependency/dependency.go:12.66,17.2 1 3
